# JRE version: OpenJDK Runtime Environment AdoptOpenJDK (11.0.8+10) (build 11.0.8+10)
# Java VM: OpenJDK 64-Bit Server VM AdoptOpenJDK (11.0.8+10, mixed mode, tiered, compressed oops, parallel gc, windows-amd64)
Heap:
 PSYoungGen      total 1024K, used 492K [0x00000000eab00000, 0x00000000eb600000, 0x0000000100000000)
  eden space 512K, 0% used [0x00000000eab00000,0x00000000eab00000,0x00000000eab80000)
  from space 512K, 96% used [0x00000000eaf80000,0x00000000eaffb020,0x00000000eb000000)
  to   space 4096K, 0% used [0x00000000eab80000,0x00000000eab80000,0x00000000eaf80000)
 ParOldGen       total 158208K, used 156729K [0x00000000c0000000, 0x00000000c9a80000, 0x00000000eab00000)
  object space 158208K, 99% used [0x00000000c0000000,0x00000000c990e498,0x00000000c9a80000)
 Metaspace       used 75712K, capacity 78860K, committed 79104K, reserved 1120256K
  class space    used 6909K, capacity 7926K, committed 7936K, reserved 1048576K
GC Heap History (20 events):
Event: 6233.678 GC heap after
{Heap after GC invocations=4775 (full 135):
 PSYoungGen      total 4608K, used 624K [0x00000000eab00000, 0x00000000eb080000, 0x0000000100000000)
  eden space 3584K, 0% used [0x00000000eab00000,0x00000000eab00000,0x00000000eae80000)
  from space 1024K, 60% used [0x00000000eae80000,0x00000000eaf1c010,0x00000000eaf80000)
  to   space 1024K, 0% used [0x00000000eaf80000,0x00000000eaf80000,0x00000000eb080000)
 ParOldGen       total 156160K, used 152446K [0x00000000c0000000, 0x00000000c9880000, 0x00000000eab00000)
  object space 156160K, 97% used [0x00000000c0000000,0x00000000c94dfb58,0x00000000c9880000)
 Metaspace       used 75712K, capacity 78860K, committed 79104K, reserved 1120256K
  class space    used 6909K, capacity 7926K, committed 7936K, reserved 1048576K
}
Event: 6234.347 GC heap before
{Heap before GC invocations=4776 (full 135):
 PSYoungGen      total 4608K, used 4208K [0x00000000eab00000, 0x00000000eb080000, 0x0000000100000000)
  eden space 3584K, 100% used [0x00000000eab00000,0x00000000eae80000,0x00000000eae80000)
  from space 1024K, 60% used [0x00000000eae80000,0x00000000eaf1c010,0x00000000eaf80000)
  to   space 1024K, 0% used [0x00000000eaf80000,0x00000000eaf80000,0x00000000eb080000)
 ParOldGen       total 156160K, used 152446K [0x00000000c0000000, 0x00000000c9880000, 0x00000000eab00000)
  object space 156160K, 97% used [0x00000000c0000000,0x00000000c94dfb58,0x00000000c9880000)
 Metaspace       used 75712K, capacity 78860K, committed 79104K, reserved 1120256K
  class space    used 6909K, capacity 7926K, committed 7936K, reserved 1048576K
}
Event: 6234.351 GC heap after
{Heap after GC invocations=4776 (full 135):
 PSYoungGen      total 4096K, used 992K [0x00000000eab00000, 0x00000000eb180000, 0x0000000100000000)
  eden space 3072K, 0% used [0x00000000eab00000,0x00000000eab00000,0x00000000eae00000)
  from space 1024K, 96% used [0x00000000eaf80000,0x00000000eb078000,0x00000000eb080000)
  to   space 1536K, 0% used [0x00000000eae00000,0x00000000eae00000,0x00000000eaf80000)
 ParOldGen       total 156160K, used 152470K [0x00000000c0000000, 0x00000000c9880000, 0x00000000eab00000)
  object space 156160K, 97% used [0x00000000c0000000,0x00000000c94e5b58,0x00000000c9880000)
 Metaspace       used 75712K, capacity 78860K, committed 79104K, reserved 1120256K
  class space    used 6909K, capacity 7926K, committed 7936K, reserved 1048576K
}
Event: 6234.363 GC heap before
{Heap before GC invocations=4777 (full 135):
 PSYoungGen      total 4096K, used 4064K [0x00000000eab00000, 0x00000000eb180000, 0x0000000100000000)
  eden space 3072K, 100% used [0x00000000eab00000,0x00000000eae00000,0x00000000eae00000)
  from space 1024K, 96% used [0x00000000eaf80000,0x00000000eb078000,0x00000000eb080000)
  to   space 1536K, 0% used [0x00000000eae00000,0x00000000eae00000,0x00000000eaf80000)
 ParOldGen       total 156160K, used 152470K [0x00000000c0000000, 0x00000000c9880000, 0x00000000eab00000)
  object space 156160K, 97% used [0x00000000c0000000,0x00000000c94e5b58,0x00000000c9880000)
 Metaspace       used 75712K, capacity 78860K, committed 79104K, reserved 1120256K
  class space    used 6909K, capacity 7926K, committed 7936K, reserved 1048576K
}
Event: 6234.365 GC heap after
{Heap after GC invocations=4777 (full 135):
 PSYoungGen      total 4608K, used 224K [0x00000000eab00000, 0x00000000eb000000, 0x0000000100000000)
  eden space 3072K, 0% used [0x00000000eab00000,0x00000000eab00000,0x00000000eae00000)
  from space 1536K, 14% used [0x00000000eae00000,0x00000000eae38000,0x00000000eaf80000)
  to   space 512K, 0% used [0x00000000eaf80000,0x00000000eaf80000,0x00000000eb000000)
 ParOldGen       total 156160K, used 153059K [0x00000000c0000000, 0x00000000c9880000, 0x00000000eab00000)
  object space 156160K, 98% used [0x00000000c0000000,0x00000000c9578ff8,0x00000000c9880000)
 Metaspace       used 75712K, capacity 78860K, committed 79104K, reserved 1120256K
  class space    used 6909K, capacity 7926K, committed 7936K, reserved 1048576K
}
Event: 6234.716 GC heap before
{Heap before GC invocations=4778 (full 135):
 PSYoungGen      total 4608K, used 3296K [0x00000000eab00000, 0x00000000eb000000, 0x0000000100000000)
  eden space 3072K, 100% used [0x00000000eab00000,0x00000000eae00000,0x00000000eae00000)
  from space 1536K, 14% used [0x00000000eae00000,0x00000000eae38000,0x00000000eaf80000)
  to   space 512K, 0% used [0x00000000eaf80000,0x00000000eaf80000,0x00000000eb000000)
 ParOldGen       total 156160K, used 153059K [0x00000000c0000000, 0x00000000c9880000, 0x00000000eab00000)
  object space 156160K, 98% used [0x00000000c0000000,0x00000000c9578ff8,0x00000000c9880000)
 Metaspace       used 75712K, capacity 78860K, committed 79104K, reserved 1120256K
  class space    used 6909K, capacity 7926K, committed 7936K, reserved 1048576K
}
Event: 6234.718 GC heap after
{Heap after GC invocations=4778 (full 135):
 PSYoungGen      total 3584K, used 416K [0x00000000eab00000, 0x00000000eb000000, 0x0000000100000000)
  eden space 3072K, 0% used [0x00000000eab00000,0x00000000eab00000,0x00000000eae00000)
  from space 512K, 81% used [0x00000000eaf80000,0x00000000eafe8000,0x00000000eb000000)
  to   space 512K, 0% used [0x00000000eaf00000,0x00000000eaf00000,0x00000000eaf80000)
 ParOldGen       total 156160K, used 153115K [0x00000000c0000000, 0x00000000c9880000, 0x00000000eab00000)
  object space 156160K, 98% used [0x00000000c0000000,0x00000000c9586ff8,0x00000000c9880000)
 Metaspace       used 75712K, capacity 78860K, committed 79104K, reserved 1120256K
  class space    used 6909K, capacity 7926K, committed 7936K, reserved 1048576K
}
Event: 6234.729 GC heap before
{Heap before GC invocations=4779 (full 135):
 PSYoungGen      total 3584K, used 3488K [0x00000000eab00000, 0x00000000eb000000, 0x0000000100000000)
  eden space 3072K, 100% used [0x00000000eab00000,0x00000000eae00000,0x00000000eae00000)
  from space 512K, 81% used [0x00000000eaf80000,0x00000000eafe8000,0x00000000eb000000)
  to   space 512K, 0% used [0x00000000eaf00000,0x00000000eaf00000,0x00000000eaf80000)
 ParOldGen       total 156160K, used 153115K [0x00000000c0000000, 0x00000000c9880000, 0x00000000eab00000)
  object space 156160K, 98% used [0x00000000c0000000,0x00000000c9586ff8,0x00000000c9880000)
 Metaspace       used 75712K, capacity 78860K, committed 79104K, reserved 1120256K
  class space    used 6909K, capacity 7926K, committed 7936K, reserved 1048576K
}
Event: 6234.731 GC heap after
{Heap after GC invocations=4779 (full 135):
 PSYoungGen      total 3584K, used 464K [0x00000000eab00000, 0x00000000eb000000, 0x0000000100000000)
  eden space 3072K, 0% used [0x00000000eab00000,0x00000000eab00000,0x00000000eae00000)
  from space 512K, 90% used [0x00000000eaf00000,0x00000000eaf74010,0x00000000eaf80000)
  to   space 512K, 0% used [0x00000000eaf80000,0x00000000eaf80000,0x00000000eb000000)
 ParOldGen       total 156160K, used 153139K [0x00000000c0000000, 0x00000000c9880000, 0x00000000eab00000)
  object space 156160K, 98% used [0x00000000c0000000,0x00000000c958cff8,0x00000000c9880000)
 Metaspace       used 75712K, capacity 78860K, committed 79104K, reserved 1120256K
  class space    used 6909K, capacity 7926K, committed 7936K, reserved 1048576K
}
Event: 6234.788 GC heap before
{Heap before GC invocations=4780 (full 135):
 PSYoungGen      total 3584K, used 3536K [0x00000000eab00000, 0x00000000eb000000, 0x0000000100000000)
  eden space 3072K, 100% used [0x00000000eab00000,0x00000000eae00000,0x00000000eae00000)
  from space 512K, 90% used [0x00000000eaf00000,0x00000000eaf74010,0x00000000eaf80000)
  to   space 512K, 0% used [0x00000000eaf80000,0x00000000eaf80000,0x00000000eb000000)
 ParOldGen       total 156160K, used 153139K [0x00000000c0000000, 0x00000000c9880000, 0x00000000eab00000)
  object space 156160K, 98% used [0x00000000c0000000,0x00000000c958cff8,0x00000000c9880000)
 Metaspace       used 75712K, capacity 78860K, committed 79104K, reserved 1120256K
  class space    used 6909K, capacity 7926K, committed 7936K, reserved 1048576K
}
Event: 6234.789 GC heap after
{Heap after GC invocations=4780 (full 135):
 PSYoungGen      total 3584K, used 192K [0x00000000eab00000, 0x00000000eb000000, 0x0000000100000000)
  eden space 3072K, 0% used [0x00000000eab00000,0x00000000eab00000,0x00000000eae00000)
  from space 512K, 37% used [0x00000000eaf80000,0x00000000eafb0000,0x00000000eb000000)
  to   space 512K, 0% used [0x00000000eaf00000,0x00000000eaf00000,0x00000000eaf80000)
 ParOldGen       total 156160K, used 153570K [0x00000000c0000000, 0x00000000c9880000, 0x00000000eab00000)
  object space 156160K, 98% used [0x00000000c0000000,0x00000000c95f8a58,0x00000000c9880000)
 Metaspace       used 75712K, capacity 78860K, committed 79104K, reserved 1120256K
  class space    used 6909K, capacity 7926K, committed 7936K, reserved 1048576K
}
Event: 6235.016 GC heap before
{Heap before GC invocations=4781 (full 135):
 PSYoungGen      total 3584K, used 3260K [0x00000000eab00000, 0x00000000eb000000, 0x0000000100000000)
  eden space 3072K, 99% used [0x00000000eab00000,0x00000000eadff3b8,0x00000000eae00000)
  from space 512K, 37% used [0x00000000eaf80000,0x00000000eafb0000,0x00000000eb000000)
  to   space 512K, 0% used [0x00000000eaf00000,0x00000000eaf00000,0x00000000eaf80000)
 ParOldGen       total 156160K, used 153570K [0x00000000c0000000, 0x00000000c9880000, 0x00000000eab00000)
  object space 156160K, 98% used [0x00000000c0000000,0x00000000c95f8a58,0x00000000c9880000)
 Metaspace       used 75712K, capacity 78860K, committed 79104K, reserved 1120256K
  class space    used 6909K, capacity 7926K, committed 7936K, reserved 1048576K
}
Event: 6235.017 GC heap after
{Heap after GC invocations=4781 (full 135):
 PSYoungGen      total 3584K, used 128K [0x00000000eab00000, 0x00000000eb000000, 0x0000000100000000)
  eden space 3072K, 0% used [0x00000000eab00000,0x00000000eab00000,0x00000000eae00000)
  from space 512K, 25% used [0x00000000eaf00000,0x00000000eaf20000,0x00000000eaf80000)
  to   space 512K, 0% used [0x00000000eaf80000,0x00000000eaf80000,0x00000000eb000000)
 ParOldGen       total 156160K, used 153682K [0x00000000c0000000, 0x00000000c9880000, 0x00000000eab00000)
  object space 156160K, 98% used [0x00000000c0000000,0x00000000c9614a58,0x00000000c9880000)
 Metaspace       used 75712K, capacity 78860K, committed 79104K, reserved 1120256K
  class space    used 6909K, capacity 7926K, committed 7936K, reserved 1048576K
}
Event: 6235.026 GC heap before
{Heap before GC invocations=4782 (full 135):
 PSYoungGen      total 3584K, used 3200K [0x00000000eab00000, 0x00000000eb000000, 0x0000000100000000)
  eden space 3072K, 100% used [0x00000000eab00000,0x00000000eae00000,0x00000000eae00000)
  from space 512K, 25% used [0x00000000eaf00000,0x00000000eaf20000,0x00000000eaf80000)
  to   space 512K, 0% used [0x00000000eaf80000,0x00000000eaf80000,0x00000000eb000000)
 ParOldGen       total 156160K, used 153682K [0x00000000c0000000, 0x00000000c9880000, 0x00000000eab00000)
  object space 156160K, 98% used [0x00000000c0000000,0x00000000c9614a58,0x00000000c9880000)
 Metaspace       used 75712K, capacity 78860K, committed 79104K, reserved 1120256K
  class space    used 6909K, capacity 7926K, committed 7936K, reserved 1048576K
}
Event: 6235.028 GC heap after
{Heap after GC invocations=4782 (full 135):
 PSYoungGen      total 3584K, used 288K [0x00000000eab00000, 0x00000000eb000000, 0x0000000100000000)
  eden space 3072K, 0% used [0x00000000eab00000,0x00000000eab00000,0x00000000eae00000)
  from space 512K, 56% used [0x00000000eaf80000,0x00000000eafc8000,0x00000000eb000000)
  to   space 512K, 0% used [0x00000000eaf00000,0x00000000eaf00000,0x00000000eaf80000)
 ParOldGen       total 156160K, used 153698K [0x00000000c0000000, 0x00000000c9880000, 0x00000000eab00000)
  object space 156160K, 98% used [0x00000000c0000000,0x00000000c9618a58,0x00000000c9880000)
 Metaspace       used 75712K, capacity 78860K, committed 79104K, reserved 1120256K
  class space    used 6909K, capacity 7926K, committed 7936K, reserved 1048576K
}
Event: 6238.656 GC heap before
{Heap before GC invocations=4783 (full 135):
 PSYoungGen      total 3584K, used 3360K [0x00000000eab00000, 0x00000000eb000000, 0x0000000100000000)
  eden space 3072K, 100% used [0x00000000eab00000,0x00000000eae00000,0x00000000eae00000)
  from space 512K, 56% used [0x00000000eaf80000,0x00000000eafc8000,0x00000000eb000000)
  to   space 512K, 0% used [0x00000000eaf00000,0x00000000eaf00000,0x00000000eaf80000)
 ParOldGen       total 156160K, used 153698K [0x00000000c0000000, 0x00000000c9880000, 0x00000000eab00000)
  object space 156160K, 98% used [0x00000000c0000000,0x00000000c9618a58,0x00000000c9880000)
 Metaspace       used 75712K, capacity 78860K, committed 79104K, reserved 1120256K
  class space    used 6909K, capacity 7926K, committed 7936K, reserved 1048576K
}
Event: 6238.660 GC heap after
{Heap after GC invocations=4783 (full 135):
 PSYoungGen      total 3584K, used 448K [0x00000000eab00000, 0x00000000eb000000, 0x0000000100000000)
  eden space 3072K, 0% used [0x00000000eab00000,0x00000000eab00000,0x00000000eae00000)
  from space 512K, 87% used [0x00000000eaf00000,0x00000000eaf70000,0x00000000eaf80000)
  to   space 512K, 0% used [0x00000000eaf80000,0x00000000eaf80000,0x00000000eb000000)
 ParOldGen       total 156160K, used 153762K [0x00000000c0000000, 0x00000000c9880000, 0x00000000eab00000)
  object space 156160K, 98% used [0x00000000c0000000,0x00000000c9628a58,0x00000000c9880000)
 Metaspace       used 75712K, capacity 78860K, committed 79104K, reserved 1120256K
  class space    used 6909K, capacity 7926K, committed 7936K, reserved 1048576K
}
Event: 6238.700 GC heap before
{Heap before GC invocations=4784 (full 135):
 PSYoungGen      total 3584K, used 3520K [0x00000000eab00000, 0x00000000eb000000, 0x0000000100000000)
  eden space 3072K, 100% used [0x00000000eab00000,0x00000000eae00000,0x00000000eae00000)
  from space 512K, 87% used [0x00000000eaf00000,0x00000000eaf70000,0x00000000eaf80000)
  to   space 512K, 0% used [0x00000000eaf80000,0x00000000eaf80000,0x00000000eb000000)
 ParOldGen       total 156160K, used 153762K [0x00000000c0000000, 0x00000000c9880000, 0x00000000eab00000)
  object space 156160K, 98% used [0x00000000c0000000,0x00000000c9628a58,0x00000000c9880000)
 Metaspace       used 75712K, capacity 78860K, committed 79104K, reserved 1120256K
  class space    used 6909K, capacity 7926K, committed 7936K, reserved 1048576K
}
Event: 6238.709 GC heap after
{Heap after GC invocations=4784 (full 135):
 PSYoungGen      total 1024K, used 492K [0x00000000eab00000, 0x00000000eb600000, 0x0000000100000000)
  eden space 512K, 0% used [0x00000000eab00000,0x00000000eab00000,0x00000000eab80000)
  from space 512K, 96% used [0x00000000eaf80000,0x00000000eaffb020,0x00000000eb000000)
  to   space 4096K, 0% used [0x00000000eab80000,0x00000000eab80000,0x00000000eaf80000)
 ParOldGen       total 158208K, used 156729K [0x00000000c0000000, 0x00000000c9a80000, 0x00000000eab00000)
  object space 158208K, 99% used [0x00000000c0000000,0x00000000c990e498,0x00000000c9a80000)
 Metaspace       used 75712K, capacity 78860K, committed 79104K, reserved 1120256K
  class space    used 6909K, capacity 7926K, committed 7936K, reserved 1048576K
}
Event: 6238.709 GC heap before
{Heap before GC invocations=4785 (full 136):
 PSYoungGen      total 1024K, used 492K [0x00000000eab00000, 0x00000000eb600000, 0x0000000100000000)
  eden space 512K, 0% used [0x00000000eab00000,0x00000000eab00000,0x00000000eab80000)
  from space 512K, 96% used [0x00000000eaf80000,0x00000000eaffb020,0x00000000eb000000)
  to   space 4096K, 0% used [0x00000000eab80000,0x00000000eab80000,0x00000000eaf80000)
 ParOldGen       total 158208K, used 156729K [0x00000000c0000000, 0x00000000c9a80000, 0x00000000eab00000)
  object space 158208K, 99% used [0x00000000c0000000,0x00000000c990e498,0x00000000c9a80000)
 Metaspace       used 75712K, capacity 78860K, committed 79104K, reserved 1120256K
  class space    used 6909K, capacity 7926K, committed 7936K, reserved 1048576K
}

